Determining if the pthread_create exist failed with the following output:
Change Dir: /ccs/home/hm0/Pkgs/openmm/build_openmm/CMakeFiles/CMakeTmp

Run Build Command:"/usr/bin/gmake" "cmTC_0d853/fast"
/usr/bin/gmake -f CMakeFiles/cmTC_0d853.dir/build.make CMakeFiles/cmTC_0d853.dir/build
gmake[1]: Entering directory `/autofs/nccs-svm1_home1/hm0/Pkgs/openmm/build_openmm/CMakeFiles/CMakeTmp'
Building C object CMakeFiles/cmTC_0d853.dir/CheckSymbolExists.c.o
/usr/bin/gcc   -fPIC    -o CMakeFiles/cmTC_0d853.dir/CheckSymbolExists.c.o   -c /ccs/home/hm0/Pkgs/openmm/build_openmm/CMakeFiles/CMakeTmp/CheckSymbolExists.c
Linking C executable cmTC_0d853
/ccs/home/hm0/anaconda2_ppc/bin/cmake -E cmake_link_script CMakeFiles/cmTC_0d853.dir/link.txt --verbose=1
/usr/bin/gcc -fPIC     -rdynamic CMakeFiles/cmTC_0d853.dir/CheckSymbolExists.c.o  -o cmTC_0d853 
CMakeFiles/cmTC_0d853.dir/CheckSymbolExists.c.o:(.toc+0x0): undefined reference to `pthread_create'
/usr/bin/ld: link errors found, deleting executable `cmTC_0d853'
/usr/bin/sha1sum: cmTC_0d853: No such file or directory
collect2: error: ld returned 1 exit status
gmake[1]: *** [cmTC_0d853] Error 1
gmake[1]: Leaving directory `/autofs/nccs-svm1_home1/hm0/Pkgs/openmm/build_openmm/CMakeFiles/CMakeTmp'
gmake: *** [cmTC_0d853/fast] Error 2

File /ccs/home/hm0/Pkgs/openmm/build_openmm/CMakeFiles/CMakeTmp/CheckSymbolExists.c:
/* */
#include <pthread.h>

int main(int argc, char** argv)
{
  (void)argv;
#ifndef pthread_create
  return ((int*)(&pthread_create))[argc];
#else
  (void)argc;
  return 0;
#endif
}

Determining if the function pthread_create exists in the pthreads failed with the following output:
Change Dir: /ccs/home/hm0/Pkgs/openmm/build_openmm/CMakeFiles/CMakeTmp

Run Build Command:"/usr/bin/gmake" "cmTC_8627d/fast"
/usr/bin/gmake -f CMakeFiles/cmTC_8627d.dir/build.make CMakeFiles/cmTC_8627d.dir/build
gmake[1]: Entering directory `/autofs/nccs-svm1_home1/hm0/Pkgs/openmm/build_openmm/CMakeFiles/CMakeTmp'
Building C object CMakeFiles/cmTC_8627d.dir/CheckFunctionExists.c.o
/usr/bin/gcc   -fPIC -DCHECK_FUNCTION_EXISTS=pthread_create   -o CMakeFiles/cmTC_8627d.dir/CheckFunctionExists.c.o   -c /ccs/home/hm0/anaconda2_ppc/share/cmake-3.11/Modules/CheckFunctionExists.c
Linking C executable cmTC_8627d
/ccs/home/hm0/anaconda2_ppc/bin/cmake -E cmake_link_script CMakeFiles/cmTC_8627d.dir/link.txt --verbose=1
/usr/bin/gcc -fPIC -DCHECK_FUNCTION_EXISTS=pthread_create    -rdynamic CMakeFiles/cmTC_8627d.dir/CheckFunctionExists.c.o  -o cmTC_8627d -lpthreads 
/usr/bin/ld: cannot find -lpthreads
/usr/bin/sha1sum: cmTC_8627d: No such file or directory
collect2: error: ld returned 1 exit status
gmake[1]: *** [cmTC_8627d] Error 1
gmake[1]: Leaving directory `/autofs/nccs-svm1_home1/hm0/Pkgs/openmm/build_openmm/CMakeFiles/CMakeTmp'
gmake: *** [cmTC_8627d/fast] Error 2


