The system is: Linux - 3.10.0-693.21.1.el7.ppc64le - ppc64le
Compiling the C compiler identification source file "CMakeCCompilerId.c" succeeded.
Compiler: /sw/summitdev/gcc/6.3.1-20170301/bin/gcc 
Build flags: 
Id flags:  

The output was:
0


Compilation of the C compiler identification source "CMakeCCompilerId.c" produced "a.out"

The C compiler identification is GNU, found in "/ccs/home/hm0/Pkgs/openmm/build_openmm/CMakeFiles/3.11.1/CompilerIdC/a.out"

Compiling the CXX compiler identification source file "CMakeCXXCompilerId.cpp" succeeded.
Compiler: /sw/summitdev/gcc/6.3.1-20170301/bin/g++ 
Build flags: 
Id flags:  

The output was:
0


Compilation of the CXX compiler identification source "CMakeCXXCompilerId.cpp" produced "a.out"

The CXX compiler identification is GNU, found in "/ccs/home/hm0/Pkgs/openmm/build_openmm/CMakeFiles/3.11.1/CompilerIdCXX/a.out"

Determining if the C compiler works passed with the following output:
Change Dir: /ccs/home/hm0/Pkgs/openmm/build_openmm/CMakeFiles/CMakeTmp

Run Build Command:"/usr/bin/gmake" "cmTC_42795/fast"
/usr/bin/gmake -f CMakeFiles/cmTC_42795.dir/build.make CMakeFiles/cmTC_42795.dir/build
gmake[1]: Entering directory `/autofs/nccs-svm1_home1/hm0/Pkgs/openmm/build_openmm/CMakeFiles/CMakeTmp'
Building C object CMakeFiles/cmTC_42795.dir/testCCompiler.c.o
/sw/summitdev/gcc/6.3.1-20170301/bin/gcc    -o CMakeFiles/cmTC_42795.dir/testCCompiler.c.o   -c /ccs/home/hm0/Pkgs/openmm/build_openmm/CMakeFiles/CMakeTmp/testCCompiler.c
Linking C executable cmTC_42795
/ccs/home/hm0/anaconda2_ppc/bin/cmake -E cmake_link_script CMakeFiles/cmTC_42795.dir/link.txt --verbose=1
/sw/summitdev/gcc/6.3.1-20170301/bin/gcc      -rdynamic CMakeFiles/cmTC_42795.dir/testCCompiler.c.o  -o cmTC_42795 
gmake[1]: Leaving directory `/autofs/nccs-svm1_home1/hm0/Pkgs/openmm/build_openmm/CMakeFiles/CMakeTmp'


Detecting C compiler ABI info compiled with the following output:
Change Dir: /ccs/home/hm0/Pkgs/openmm/build_openmm/CMakeFiles/CMakeTmp

Run Build Command:"/usr/bin/gmake" "cmTC_2ea91/fast"
/usr/bin/gmake -f CMakeFiles/cmTC_2ea91.dir/build.make CMakeFiles/cmTC_2ea91.dir/build
gmake[1]: Entering directory `/autofs/nccs-svm1_home1/hm0/Pkgs/openmm/build_openmm/CMakeFiles/CMakeTmp'
Building C object CMakeFiles/cmTC_2ea91.dir/CMakeCCompilerABI.c.o
/sw/summitdev/gcc/6.3.1-20170301/bin/gcc    -o CMakeFiles/cmTC_2ea91.dir/CMakeCCompilerABI.c.o   -c /ccs/home/hm0/anaconda2_ppc/share/cmake-3.11/Modules/CMakeCCompilerABI.c
Linking C executable cmTC_2ea91
/ccs/home/hm0/anaconda2_ppc/bin/cmake -E cmake_link_script CMakeFiles/cmTC_2ea91.dir/link.txt --verbose=1
/sw/summitdev/gcc/6.3.1-20170301/bin/gcc     -v -rdynamic CMakeFiles/cmTC_2ea91.dir/CMakeCCompilerABI.c.o  -o cmTC_2ea91 
Using built-in specs.
COLLECT_GCC=/sw/summitdev/gcc/6.3.1-20170301/bin/gcc
COLLECT_LTO_WRAPPER=/autofs/nccs-svm1_sw/summitdev/gcc/6.3.1-20170301/bin/../libexec/gcc/powerpc64le-none-linux-gnu/6.3.1/lto-wrapper
OFFLOAD_TARGET_NAMES=nvptx-none
Target: powerpc64le-none-linux-gnu
Configured with: /sw/summitdev/gcc/6.2.1-20170301/src/gcc/configure --build=powerpc64le-none-linux-gnu --host=powerpc64le-none-linux-gnu --target=powerpc64le-none-linux-gnu --enable-offload-targets=nvptx-none=/install/usr/local/nvptx-none --with-cuda-driver=/sw/summitdev/cuda/8.0.54 --disable-multilib CFLAGS=-m64
Thread model: posix
gcc version 6.3.1 20170110 (GCC) 
COMPILER_PATH=/autofs/nccs-svm1_sw/summitdev/gcc/6.3.1-20170301/bin/../libexec/gcc/powerpc64le-none-linux-gnu/6.3.1/:/autofs/nccs-svm1_sw/summitdev/gcc/6.3.1-20170301/bin/../libexec/gcc/
LIBRARY_PATH=/autofs/nccs-svm1_sw/summitdev/gcc/6.3.1-20170301/bin/../lib/gcc/powerpc64le-none-linux-gnu/6.3.1/:/autofs/nccs-svm1_sw/summitdev/gcc/6.3.1-20170301/bin/../lib/gcc/:/autofs/nccs-svm1_sw/summitdev/gcc/6.3.1-20170301/bin/../lib/gcc/powerpc64le-none-linux-gnu/6.3.1/../../../../lib64/:/lib/../lib64/:/usr/lib/../lib64/:/autofs/nccs-svm1_sw/summitdev/.swci/1-compute/opt/spack/20180406/linux-rhel7-ppc64le/gcc-6.3.1/spectrum-mpi-10.2.0.0-20180110-4dopvlpwk4vuwchtvdc4ftutmn76uw6v/lib/:/autofs/nccs-svm1_sw/summitdev/gcc/6.3.1-20170301/bin/../lib/gcc/powerpc64le-none-linux-gnu/6.3.1/../../../:/lib/:/usr/lib/
COLLECT_GCC_OPTIONS='-v' '-rdynamic' '-o' 'cmTC_2ea91'
COLLECT_MKOFFLOAD_OPTIONS=
 /autofs/nccs-svm1_sw/summitdev/gcc/6.3.1-20170301/bin/../libexec/gcc/powerpc64le-none-linux-gnu/6.3.1/collect2 -plugin /autofs/nccs-svm1_sw/summitdev/gcc/6.3.1-20170301/bin/../libexec/gcc/powerpc64le-none-linux-gnu/6.3.1/liblto_plugin.so -plugin-opt=/autofs/nccs-svm1_sw/summitdev/gcc/6.3.1-20170301/bin/../libexec/gcc/powerpc64le-none-linux-gnu/6.3.1/lto-wrapper -plugin-opt=-fresolution=/tmp/ccv0orvp.res -plugin-opt=-pass-through=-lgcc -plugin-opt=-pass-through=-lgcc_s -plugin-opt=-pass-through=-lc -plugin-opt=-pass-through=-lgcc -plugin-opt=-pass-through=-lgcc_s --eh-frame-hdr -V -m elf64lppc -export-dynamic -dynamic-linker /lib64/ld64.so.2 -o cmTC_2ea91 /lib/../lib64/crt1.o /lib/../lib64/crti.o /autofs/nccs-svm1_sw/summitdev/gcc/6.3.1-20170301/bin/../lib/gcc/powerpc64le-none-linux-gnu/6.3.1/crtbegin.o -L/autofs/nccs-svm1_sw/summitdev/gcc/6.3.1-20170301/bin/../lib/gcc/powerpc64le-none-linux-gnu/6.3.1 -L/autofs/nccs-svm1_sw/summitdev/gcc/6.3.1-20170301/bin/../lib/gcc -L/autofs/nccs-svm1_sw/summitdev/gcc/6.3.1-20170301/bin/../lib/gcc/powerpc64le-none-linux-gnu/6.3.1/../../../../lib64 -L/lib/../lib64 -L/usr/lib/../lib64 -L/autofs/nccs-svm1_sw/summitdev/.swci/1-compute/opt/spack/20180406/linux-rhel7-ppc64le/gcc-6.3.1/spectrum-mpi-10.2.0.0-20180110-4dopvlpwk4vuwchtvdc4ftutmn76uw6v/lib -L/autofs/nccs-svm1_sw/summitdev/gcc/6.3.1-20170301/bin/../lib/gcc/powerpc64le-none-linux-gnu/6.3.1/../../.. CMakeFiles/cmTC_2ea91.dir/CMakeCCompilerABI.c.o -lgcc --as-needed -lgcc_s --no-as-needed -lc -lgcc --as-needed -lgcc_s --no-as-needed /autofs/nccs-svm1_sw/summitdev/gcc/6.3.1-20170301/bin/../lib/gcc/powerpc64le-none-linux-gnu/6.3.1/crtend.o /lib/../lib64/crtn.o
COLLECT_GCC_OPTIONS='-v' '-rdynamic' '-o' 'cmTC_2ea91'
COLLECT_MKOFFLOAD_OPTIONS=
gmake[1]: Leaving directory `/autofs/nccs-svm1_home1/hm0/Pkgs/openmm/build_openmm/CMakeFiles/CMakeTmp'


Parsed C implicit link information from above output:
  link line regex: [^( *|.*[/\])(ld|CMAKE_LINK_STARTFILE-NOTFOUND|([^/\]+-)?ld|collect2)[^/\]*( |$)]
  ignore line: [Change Dir: /ccs/home/hm0/Pkgs/openmm/build_openmm/CMakeFiles/CMakeTmp]
  ignore line: []
  ignore line: [Run Build Command:"/usr/bin/gmake" "cmTC_2ea91/fast"]
  ignore line: [/usr/bin/gmake -f CMakeFiles/cmTC_2ea91.dir/build.make CMakeFiles/cmTC_2ea91.dir/build]
  ignore line: [gmake[1]: Entering directory `/autofs/nccs-svm1_home1/hm0/Pkgs/openmm/build_openmm/CMakeFiles/CMakeTmp']
  ignore line: [Building C object CMakeFiles/cmTC_2ea91.dir/CMakeCCompilerABI.c.o]
  ignore line: [/sw/summitdev/gcc/6.3.1-20170301/bin/gcc    -o CMakeFiles/cmTC_2ea91.dir/CMakeCCompilerABI.c.o   -c /ccs/home/hm0/anaconda2_ppc/share/cmake-3.11/Modules/CMakeCCompilerABI.c]
  ignore line: [Linking C executable cmTC_2ea91]
  ignore line: [/ccs/home/hm0/anaconda2_ppc/bin/cmake -E cmake_link_script CMakeFiles/cmTC_2ea91.dir/link.txt --verbose=1]
  ignore line: [/sw/summitdev/gcc/6.3.1-20170301/bin/gcc     -v -rdynamic CMakeFiles/cmTC_2ea91.dir/CMakeCCompilerABI.c.o  -o cmTC_2ea91 ]
  ignore line: [Using built-in specs.]
  ignore line: [COLLECT_GCC=/sw/summitdev/gcc/6.3.1-20170301/bin/gcc]
  ignore line: [COLLECT_LTO_WRAPPER=/autofs/nccs-svm1_sw/summitdev/gcc/6.3.1-20170301/bin/../libexec/gcc/powerpc64le-none-linux-gnu/6.3.1/lto-wrapper]
  ignore line: [OFFLOAD_TARGET_NAMES=nvptx-none]
  ignore line: [Target: powerpc64le-none-linux-gnu]
  ignore line: [Configured with: /sw/summitdev/gcc/6.2.1-20170301/src/gcc/configure --build=powerpc64le-none-linux-gnu --host=powerpc64le-none-linux-gnu --target=powerpc64le-none-linux-gnu --enable-offload-targets=nvptx-none=/install/usr/local/nvptx-none --with-cuda-driver=/sw/summitdev/cuda/8.0.54 --disable-multilib CFLAGS=-m64]
  ignore line: [Thread model: posix]
  ignore line: [gcc version 6.3.1 20170110 (GCC) ]
  ignore line: [COMPILER_PATH=/autofs/nccs-svm1_sw/summitdev/gcc/6.3.1-20170301/bin/../libexec/gcc/powerpc64le-none-linux-gnu/6.3.1/:/autofs/nccs-svm1_sw/summitdev/gcc/6.3.1-20170301/bin/../libexec/gcc/]
  ignore line: [LIBRARY_PATH=/autofs/nccs-svm1_sw/summitdev/gcc/6.3.1-20170301/bin/../lib/gcc/powerpc64le-none-linux-gnu/6.3.1/:/autofs/nccs-svm1_sw/summitdev/gcc/6.3.1-20170301/bin/../lib/gcc/:/autofs/nccs-svm1_sw/summitdev/gcc/6.3.1-20170301/bin/../lib/gcc/powerpc64le-none-linux-gnu/6.3.1/../../../../lib64/:/lib/../lib64/:/usr/lib/../lib64/:/autofs/nccs-svm1_sw/summitdev/.swci/1-compute/opt/spack/20180406/linux-rhel7-ppc64le/gcc-6.3.1/spectrum-mpi-10.2.0.0-20180110-4dopvlpwk4vuwchtvdc4ftutmn76uw6v/lib/:/autofs/nccs-svm1_sw/summitdev/gcc/6.3.1-20170301/bin/../lib/gcc/powerpc64le-none-linux-gnu/6.3.1/../../../:/lib/:/usr/lib/]
  ignore line: [COLLECT_GCC_OPTIONS='-v' '-rdynamic' '-o' 'cmTC_2ea91']
  ignore line: [COLLECT_MKOFFLOAD_OPTIONS=]
  link line: [ /autofs/nccs-svm1_sw/summitdev/gcc/6.3.1-20170301/bin/../libexec/gcc/powerpc64le-none-linux-gnu/6.3.1/collect2 -plugin /autofs/nccs-svm1_sw/summitdev/gcc/6.3.1-20170301/bin/../libexec/gcc/powerpc64le-none-linux-gnu/6.3.1/liblto_plugin.so -plugin-opt=/autofs/nccs-svm1_sw/summitdev/gcc/6.3.1-20170301/bin/../libexec/gcc/powerpc64le-none-linux-gnu/6.3.1/lto-wrapper -plugin-opt=-fresolution=/tmp/ccv0orvp.res -plugin-opt=-pass-through=-lgcc -plugin-opt=-pass-through=-lgcc_s -plugin-opt=-pass-through=-lc -plugin-opt=-pass-through=-lgcc -plugin-opt=-pass-through=-lgcc_s --eh-frame-hdr -V -m elf64lppc -export-dynamic -dynamic-linker /lib64/ld64.so.2 -o cmTC_2ea91 /lib/../lib64/crt1.o /lib/../lib64/crti.o /autofs/nccs-svm1_sw/summitdev/gcc/6.3.1-20170301/bin/../lib/gcc/powerpc64le-none-linux-gnu/6.3.1/crtbegin.o -L/autofs/nccs-svm1_sw/summitdev/gcc/6.3.1-20170301/bin/../lib/gcc/powerpc64le-none-linux-gnu/6.3.1 -L/autofs/nccs-svm1_sw/summitdev/gcc/6.3.1-20170301/bin/../lib/gcc -L/autofs/nccs-svm1_sw/summitdev/gcc/6.3.1-20170301/bin/../lib/gcc/powerpc64le-none-linux-gnu/6.3.1/../../../../lib64 -L/lib/../lib64 -L/usr/lib/../lib64 -L/autofs/nccs-svm1_sw/summitdev/.swci/1-compute/opt/spack/20180406/linux-rhel7-ppc64le/gcc-6.3.1/spectrum-mpi-10.2.0.0-20180110-4dopvlpwk4vuwchtvdc4ftutmn76uw6v/lib -L/autofs/nccs-svm1_sw/summitdev/gcc/6.3.1-20170301/bin/../lib/gcc/powerpc64le-none-linux-gnu/6.3.1/../../.. CMakeFiles/cmTC_2ea91.dir/CMakeCCompilerABI.c.o -lgcc --as-needed -lgcc_s --no-as-needed -lc -lgcc --as-needed -lgcc_s --no-as-needed /autofs/nccs-svm1_sw/summitdev/gcc/6.3.1-20170301/bin/../lib/gcc/powerpc64le-none-linux-gnu/6.3.1/crtend.o /lib/../lib64/crtn.o]
    arg [/autofs/nccs-svm1_sw/summitdev/gcc/6.3.1-20170301/bin/../libexec/gcc/powerpc64le-none-linux-gnu/6.3.1/collect2] ==> ignore
    arg [-plugin] ==> ignore
    arg [/autofs/nccs-svm1_sw/summitdev/gcc/6.3.1-20170301/bin/../libexec/gcc/powerpc64le-none-linux-gnu/6.3.1/liblto_plugin.so] ==> ignore
    arg [-plugin-opt=/autofs/nccs-svm1_sw/summitdev/gcc/6.3.1-20170301/bin/../libexec/gcc/powerpc64le-none-linux-gnu/6.3.1/lto-wrapper] ==> ignore
    arg [-plugin-opt=-fresolution=/tmp/ccv0orvp.res] ==> ignore
    arg [-plugin-opt=-pass-through=-lgcc] ==> ignore
    arg [-plugin-opt=-pass-through=-lgcc_s] ==> ignore
    arg [-plugin-opt=-pass-through=-lc] ==> ignore
    arg [-plugin-opt=-pass-through=-lgcc] ==> ignore
    arg [-plugin-opt=-pass-through=-lgcc_s] ==> ignore
    arg [--eh-frame-hdr] ==> ignore
    arg [-V] ==> ignore
    arg [-m] ==> ignore
    arg [elf64lppc] ==> ignore
    arg [-export-dynamic] ==> ignore
    arg [-dynamic-linker] ==> ignore
    arg [/lib64/ld64.so.2] ==> ignore
    arg [-o] ==> ignore
    arg [cmTC_2ea91] ==> ignore
    arg [/lib/../lib64/crt1.o] ==> ignore
    arg [/lib/../lib64/crti.o] ==> ignore
    arg [/autofs/nccs-svm1_sw/summitdev/gcc/6.3.1-20170301/bin/../lib/gcc/powerpc64le-none-linux-gnu/6.3.1/crtbegin.o] ==> ignore
    arg [-L/autofs/nccs-svm1_sw/summitdev/gcc/6.3.1-20170301/bin/../lib/gcc/powerpc64le-none-linux-gnu/6.3.1] ==> dir [/autofs/nccs-svm1_sw/summitdev/gcc/6.3.1-20170301/bin/../lib/gcc/powerpc64le-none-linux-gnu/6.3.1]
    arg [-L/autofs/nccs-svm1_sw/summitdev/gcc/6.3.1-20170301/bin/../lib/gcc] ==> dir [/autofs/nccs-svm1_sw/summitdev/gcc/6.3.1-20170301/bin/../lib/gcc]
    arg [-L/autofs/nccs-svm1_sw/summitdev/gcc/6.3.1-20170301/bin/../lib/gcc/powerpc64le-none-linux-gnu/6.3.1/../../../../lib64] ==> dir [/autofs/nccs-svm1_sw/summitdev/gcc/6.3.1-20170301/bin/../lib/gcc/powerpc64le-none-linux-gnu/6.3.1/../../../../lib64]
    arg [-L/lib/../lib64] ==> dir [/lib/../lib64]
    arg [-L/usr/lib/../lib64] ==> dir [/usr/lib/../lib64]
    arg [-L/autofs/nccs-svm1_sw/summitdev/.swci/1-compute/opt/spack/20180406/linux-rhel7-ppc64le/gcc-6.3.1/spectrum-mpi-10.2.0.0-20180110-4dopvlpwk4vuwchtvdc4ftutmn76uw6v/lib] ==> dir [/autofs/nccs-svm1_sw/summitdev/.swci/1-compute/opt/spack/20180406/linux-rhel7-ppc64le/gcc-6.3.1/spectrum-mpi-10.2.0.0-20180110-4dopvlpwk4vuwchtvdc4ftutmn76uw6v/lib]
    arg [-L/autofs/nccs-svm1_sw/summitdev/gcc/6.3.1-20170301/bin/../lib/gcc/powerpc64le-none-linux-gnu/6.3.1/../../..] ==> dir [/autofs/nccs-svm1_sw/summitdev/gcc/6.3.1-20170301/bin/../lib/gcc/powerpc64le-none-linux-gnu/6.3.1/../../..]
    arg [CMakeFiles/cmTC_2ea91.dir/CMakeCCompilerABI.c.o] ==> ignore
    arg [-lgcc] ==> lib [gcc]
    arg [--as-needed] ==> ignore
    arg [-lgcc_s] ==> lib [gcc_s]
    arg [--no-as-needed] ==> ignore
    arg [-lc] ==> lib [c]
    arg [-lgcc] ==> lib [gcc]
    arg [--as-needed] ==> ignore
    arg [-lgcc_s] ==> lib [gcc_s]
    arg [--no-as-needed] ==> ignore
    arg [/autofs/nccs-svm1_sw/summitdev/gcc/6.3.1-20170301/bin/../lib/gcc/powerpc64le-none-linux-gnu/6.3.1/crtend.o] ==> ignore
    arg [/lib/../lib64/crtn.o] ==> ignore
  collapse library dir [/autofs/nccs-svm1_sw/summitdev/gcc/6.3.1-20170301/bin/../lib/gcc/powerpc64le-none-linux-gnu/6.3.1] ==> [/autofs/nccs-svm1_sw/summitdev/gcc/6.3.1-20170301/lib/gcc/powerpc64le-none-linux-gnu/6.3.1]
  collapse library dir [/autofs/nccs-svm1_sw/summitdev/gcc/6.3.1-20170301/bin/../lib/gcc] ==> [/autofs/nccs-svm1_sw/summitdev/gcc/6.3.1-20170301/lib/gcc]
  collapse library dir [/autofs/nccs-svm1_sw/summitdev/gcc/6.3.1-20170301/bin/../lib/gcc/powerpc64le-none-linux-gnu/6.3.1/../../../../lib64] ==> [/autofs/nccs-svm1_sw/summitdev/gcc/6.3.1-20170301/lib64]
  collapse library dir [/lib/../lib64] ==> [/lib64]
  collapse library dir [/usr/lib/../lib64] ==> [/usr/lib64]
  collapse library dir [/autofs/nccs-svm1_sw/summitdev/.swci/1-compute/opt/spack/20180406/linux-rhel7-ppc64le/gcc-6.3.1/spectrum-mpi-10.2.0.0-20180110-4dopvlpwk4vuwchtvdc4ftutmn76uw6v/lib] ==> [/autofs/nccs-svm1_sw/summitdev/.swci/1-compute/opt/spack/20180406/linux-rhel7-ppc64le/gcc-6.3.1/spectrum-mpi-10.2.0.0-20180110-4dopvlpwk4vuwchtvdc4ftutmn76uw6v/lib]
  collapse library dir [/autofs/nccs-svm1_sw/summitdev/gcc/6.3.1-20170301/bin/../lib/gcc/powerpc64le-none-linux-gnu/6.3.1/../../..] ==> [/autofs/nccs-svm1_sw/summitdev/gcc/6.3.1-20170301/lib]
  implicit libs: [gcc;gcc_s;c;gcc;gcc_s]
  implicit dirs: [/autofs/nccs-svm1_sw/summitdev/gcc/6.3.1-20170301/lib/gcc/powerpc64le-none-linux-gnu/6.3.1;/autofs/nccs-svm1_sw/summitdev/gcc/6.3.1-20170301/lib/gcc;/autofs/nccs-svm1_sw/summitdev/gcc/6.3.1-20170301/lib64;/lib64;/usr/lib64;/autofs/nccs-svm1_sw/summitdev/.swci/1-compute/opt/spack/20180406/linux-rhel7-ppc64le/gcc-6.3.1/spectrum-mpi-10.2.0.0-20180110-4dopvlpwk4vuwchtvdc4ftutmn76uw6v/lib;/autofs/nccs-svm1_sw/summitdev/gcc/6.3.1-20170301/lib]
  implicit fwks: []




Detecting C [-std=c11] compiler features compiled with the following output:
Change Dir: /ccs/home/hm0/Pkgs/openmm/build_openmm/CMakeFiles/CMakeTmp

Run Build Command:"/usr/bin/gmake" "cmTC_ada1a/fast"
/usr/bin/gmake -f CMakeFiles/cmTC_ada1a.dir/build.make CMakeFiles/cmTC_ada1a.dir/build
gmake[1]: Entering directory `/autofs/nccs-svm1_home1/hm0/Pkgs/openmm/build_openmm/CMakeFiles/CMakeTmp'
Building C object CMakeFiles/cmTC_ada1a.dir/feature_tests.c.o
/sw/summitdev/gcc/6.3.1-20170301/bin/gcc   -std=c11 -o CMakeFiles/cmTC_ada1a.dir/feature_tests.c.o   -c /ccs/home/hm0/Pkgs/openmm/build_openmm/CMakeFiles/feature_tests.c
Linking C executable cmTC_ada1a
/ccs/home/hm0/anaconda2_ppc/bin/cmake -E cmake_link_script CMakeFiles/cmTC_ada1a.dir/link.txt --verbose=1
/sw/summitdev/gcc/6.3.1-20170301/bin/gcc      -rdynamic CMakeFiles/cmTC_ada1a.dir/feature_tests.c.o  -o cmTC_ada1a 
gmake[1]: Leaving directory `/autofs/nccs-svm1_home1/hm0/Pkgs/openmm/build_openmm/CMakeFiles/CMakeTmp'


    Feature record: C_FEATURE:1c_function_prototypes
    Feature record: C_FEATURE:1c_restrict
    Feature record: C_FEATURE:1c_static_assert
    Feature record: C_FEATURE:1c_variadic_macros


Detecting C [-std=c99] compiler features compiled with the following output:
Change Dir: /ccs/home/hm0/Pkgs/openmm/build_openmm/CMakeFiles/CMakeTmp

Run Build Command:"/usr/bin/gmake" "cmTC_3c72d/fast"
/usr/bin/gmake -f CMakeFiles/cmTC_3c72d.dir/build.make CMakeFiles/cmTC_3c72d.dir/build
gmake[1]: Entering directory `/autofs/nccs-svm1_home1/hm0/Pkgs/openmm/build_openmm/CMakeFiles/CMakeTmp'
Building C object CMakeFiles/cmTC_3c72d.dir/feature_tests.c.o
/sw/summitdev/gcc/6.3.1-20170301/bin/gcc   -std=c99 -o CMakeFiles/cmTC_3c72d.dir/feature_tests.c.o   -c /ccs/home/hm0/Pkgs/openmm/build_openmm/CMakeFiles/feature_tests.c
Linking C executable cmTC_3c72d
/ccs/home/hm0/anaconda2_ppc/bin/cmake -E cmake_link_script CMakeFiles/cmTC_3c72d.dir/link.txt --verbose=1
/sw/summitdev/gcc/6.3.1-20170301/bin/gcc      -rdynamic CMakeFiles/cmTC_3c72d.dir/feature_tests.c.o  -o cmTC_3c72d 
gmake[1]: Leaving directory `/autofs/nccs-svm1_home1/hm0/Pkgs/openmm/build_openmm/CMakeFiles/CMakeTmp'


    Feature record: C_FEATURE:1c_function_prototypes
    Feature record: C_FEATURE:1c_restrict
    Feature record: C_FEATURE:0c_static_assert
    Feature record: C_FEATURE:1c_variadic_macros


Detecting C [-std=c90] compiler features compiled with the following output:
Change Dir: /ccs/home/hm0/Pkgs/openmm/build_openmm/CMakeFiles/CMakeTmp

Run Build Command:"/usr/bin/gmake" "cmTC_9640e/fast"
/usr/bin/gmake -f CMakeFiles/cmTC_9640e.dir/build.make CMakeFiles/cmTC_9640e.dir/build
gmake[1]: Entering directory `/autofs/nccs-svm1_home1/hm0/Pkgs/openmm/build_openmm/CMakeFiles/CMakeTmp'
Building C object CMakeFiles/cmTC_9640e.dir/feature_tests.c.o
/sw/summitdev/gcc/6.3.1-20170301/bin/gcc   -std=c90 -o CMakeFiles/cmTC_9640e.dir/feature_tests.c.o   -c /ccs/home/hm0/Pkgs/openmm/build_openmm/CMakeFiles/feature_tests.c
Linking C executable cmTC_9640e
/ccs/home/hm0/anaconda2_ppc/bin/cmake -E cmake_link_script CMakeFiles/cmTC_9640e.dir/link.txt --verbose=1
/sw/summitdev/gcc/6.3.1-20170301/bin/gcc      -rdynamic CMakeFiles/cmTC_9640e.dir/feature_tests.c.o  -o cmTC_9640e 
gmake[1]: Leaving directory `/autofs/nccs-svm1_home1/hm0/Pkgs/openmm/build_openmm/CMakeFiles/CMakeTmp'


    Feature record: C_FEATURE:1c_function_prototypes
    Feature record: C_FEATURE:0c_restrict
    Feature record: C_FEATURE:0c_static_assert
    Feature record: C_FEATURE:0c_variadic_macros
Determining if the CXX compiler works passed with the following output:
Change Dir: /ccs/home/hm0/Pkgs/openmm/build_openmm/CMakeFiles/CMakeTmp

Run Build Command:"/usr/bin/gmake" "cmTC_e7b64/fast"
/usr/bin/gmake -f CMakeFiles/cmTC_e7b64.dir/build.make CMakeFiles/cmTC_e7b64.dir/build
gmake[1]: Entering directory `/autofs/nccs-svm1_home1/hm0/Pkgs/openmm/build_openmm/CMakeFiles/CMakeTmp'
Building CXX object CMakeFiles/cmTC_e7b64.dir/testCXXCompiler.cxx.o
/sw/summitdev/gcc/6.3.1-20170301/bin/g++     -o CMakeFiles/cmTC_e7b64.dir/testCXXCompiler.cxx.o -c /ccs/home/hm0/Pkgs/openmm/build_openmm/CMakeFiles/CMakeTmp/testCXXCompiler.cxx
Linking CXX executable cmTC_e7b64
/ccs/home/hm0/anaconda2_ppc/bin/cmake -E cmake_link_script CMakeFiles/cmTC_e7b64.dir/link.txt --verbose=1
/sw/summitdev/gcc/6.3.1-20170301/bin/g++       -rdynamic CMakeFiles/cmTC_e7b64.dir/testCXXCompiler.cxx.o  -o cmTC_e7b64 
gmake[1]: Leaving directory `/autofs/nccs-svm1_home1/hm0/Pkgs/openmm/build_openmm/CMakeFiles/CMakeTmp'


Detecting CXX compiler ABI info compiled with the following output:
Change Dir: /ccs/home/hm0/Pkgs/openmm/build_openmm/CMakeFiles/CMakeTmp

Run Build Command:"/usr/bin/gmake" "cmTC_8959e/fast"
/usr/bin/gmake -f CMakeFiles/cmTC_8959e.dir/build.make CMakeFiles/cmTC_8959e.dir/build
gmake[1]: Entering directory `/autofs/nccs-svm1_home1/hm0/Pkgs/openmm/build_openmm/CMakeFiles/CMakeTmp'
Building CXX object CMakeFiles/cmTC_8959e.dir/CMakeCXXCompilerABI.cpp.o
/sw/summitdev/gcc/6.3.1-20170301/bin/g++     -o CMakeFiles/cmTC_8959e.dir/CMakeCXXCompilerABI.cpp.o -c /ccs/home/hm0/anaconda2_ppc/share/cmake-3.11/Modules/CMakeCXXCompilerABI.cpp
Linking CXX executable cmTC_8959e
/ccs/home/hm0/anaconda2_ppc/bin/cmake -E cmake_link_script CMakeFiles/cmTC_8959e.dir/link.txt --verbose=1
/sw/summitdev/gcc/6.3.1-20170301/bin/g++      -v -rdynamic CMakeFiles/cmTC_8959e.dir/CMakeCXXCompilerABI.cpp.o  -o cmTC_8959e 
Using built-in specs.
COLLECT_GCC=/sw/summitdev/gcc/6.3.1-20170301/bin/g++
COLLECT_LTO_WRAPPER=/autofs/nccs-svm1_sw/summitdev/gcc/6.3.1-20170301/bin/../libexec/gcc/powerpc64le-none-linux-gnu/6.3.1/lto-wrapper
OFFLOAD_TARGET_NAMES=nvptx-none
Target: powerpc64le-none-linux-gnu
Configured with: /sw/summitdev/gcc/6.2.1-20170301/src/gcc/configure --build=powerpc64le-none-linux-gnu --host=powerpc64le-none-linux-gnu --target=powerpc64le-none-linux-gnu --enable-offload-targets=nvptx-none=/install/usr/local/nvptx-none --with-cuda-driver=/sw/summitdev/cuda/8.0.54 --disable-multilib CFLAGS=-m64
Thread model: posix
gcc version 6.3.1 20170110 (GCC) 
COMPILER_PATH=/autofs/nccs-svm1_sw/summitdev/gcc/6.3.1-20170301/bin/../libexec/gcc/powerpc64le-none-linux-gnu/6.3.1/:/autofs/nccs-svm1_sw/summitdev/gcc/6.3.1-20170301/bin/../libexec/gcc/
LIBRARY_PATH=/autofs/nccs-svm1_sw/summitdev/gcc/6.3.1-20170301/bin/../lib/gcc/powerpc64le-none-linux-gnu/6.3.1/:/autofs/nccs-svm1_sw/summitdev/gcc/6.3.1-20170301/bin/../lib/gcc/:/autofs/nccs-svm1_sw/summitdev/gcc/6.3.1-20170301/bin/../lib/gcc/powerpc64le-none-linux-gnu/6.3.1/../../../../lib64/:/lib/../lib64/:/usr/lib/../lib64/:/autofs/nccs-svm1_sw/summitdev/.swci/1-compute/opt/spack/20180406/linux-rhel7-ppc64le/gcc-6.3.1/spectrum-mpi-10.2.0.0-20180110-4dopvlpwk4vuwchtvdc4ftutmn76uw6v/lib/:/autofs/nccs-svm1_sw/summitdev/gcc/6.3.1-20170301/bin/../lib/gcc/powerpc64le-none-linux-gnu/6.3.1/../../../:/lib/:/usr/lib/
COLLECT_GCC_OPTIONS='-v' '-rdynamic' '-o' 'cmTC_8959e' '-shared-libgcc'
COLLECT_MKOFFLOAD_OPTIONS=
 /autofs/nccs-svm1_sw/summitdev/gcc/6.3.1-20170301/bin/../libexec/gcc/powerpc64le-none-linux-gnu/6.3.1/collect2 -plugin /autofs/nccs-svm1_sw/summitdev/gcc/6.3.1-20170301/bin/../libexec/gcc/powerpc64le-none-linux-gnu/6.3.1/liblto_plugin.so -plugin-opt=/autofs/nccs-svm1_sw/summitdev/gcc/6.3.1-20170301/bin/../libexec/gcc/powerpc64le-none-linux-gnu/6.3.1/lto-wrapper -plugin-opt=-fresolution=/tmp/ccdHJI7J.res -plugin-opt=-pass-through=-lgcc_s -plugin-opt=-pass-through=-lgcc -plugin-opt=-pass-through=-lc -plugin-opt=-pass-through=-lgcc_s -plugin-opt=-pass-through=-lgcc --eh-frame-hdr -V -m elf64lppc -export-dynamic -dynamic-linker /lib64/ld64.so.2 -o cmTC_8959e /lib/../lib64/crt1.o /lib/../lib64/crti.o /autofs/nccs-svm1_sw/summitdev/gcc/6.3.1-20170301/bin/../lib/gcc/powerpc64le-none-linux-gnu/6.3.1/crtbegin.o -L/autofs/nccs-svm1_sw/summitdev/gcc/6.3.1-20170301/bin/../lib/gcc/powerpc64le-none-linux-gnu/6.3.1 -L/autofs/nccs-svm1_sw/summitdev/gcc/6.3.1-20170301/bin/../lib/gcc -L/autofs/nccs-svm1_sw/summitdev/gcc/6.3.1-20170301/bin/../lib/gcc/powerpc64le-none-linux-gnu/6.3.1/../../../../lib64 -L/lib/../lib64 -L/usr/lib/../lib64 -L/autofs/nccs-svm1_sw/summitdev/.swci/1-compute/opt/spack/20180406/linux-rhel7-ppc64le/gcc-6.3.1/spectrum-mpi-10.2.0.0-20180110-4dopvlpwk4vuwchtvdc4ftutmn76uw6v/lib -L/autofs/nccs-svm1_sw/summitdev/gcc/6.3.1-20170301/bin/../lib/gcc/powerpc64le-none-linux-gnu/6.3.1/../../.. CMakeFiles/cmTC_8959e.dir/CMakeCXXCompilerABI.cpp.o -lstdc++ -lm -lgcc_s -lgcc -lc -lgcc_s -lgcc /autofs/nccs-svm1_sw/summitdev/gcc/6.3.1-20170301/bin/../lib/gcc/powerpc64le-none-linux-gnu/6.3.1/crtend.o /lib/../lib64/crtn.o
COLLECT_GCC_OPTIONS='-v' '-rdynamic' '-o' 'cmTC_8959e' '-shared-libgcc'
COLLECT_MKOFFLOAD_OPTIONS=
gmake[1]: Leaving directory `/autofs/nccs-svm1_home1/hm0/Pkgs/openmm/build_openmm/CMakeFiles/CMakeTmp'


Parsed CXX implicit link information from above output:
  link line regex: [^( *|.*[/\])(ld|CMAKE_LINK_STARTFILE-NOTFOUND|([^/\]+-)?ld|collect2)[^/\]*( |$)]
  ignore line: [Change Dir: /ccs/home/hm0/Pkgs/openmm/build_openmm/CMakeFiles/CMakeTmp]
  ignore line: []
  ignore line: [Run Build Command:"/usr/bin/gmake" "cmTC_8959e/fast"]
  ignore line: [/usr/bin/gmake -f CMakeFiles/cmTC_8959e.dir/build.make CMakeFiles/cmTC_8959e.dir/build]
  ignore line: [gmake[1]: Entering directory `/autofs/nccs-svm1_home1/hm0/Pkgs/openmm/build_openmm/CMakeFiles/CMakeTmp']
  ignore line: [Building CXX object CMakeFiles/cmTC_8959e.dir/CMakeCXXCompilerABI.cpp.o]
  ignore line: [/sw/summitdev/gcc/6.3.1-20170301/bin/g++     -o CMakeFiles/cmTC_8959e.dir/CMakeCXXCompilerABI.cpp.o -c /ccs/home/hm0/anaconda2_ppc/share/cmake-3.11/Modules/CMakeCXXCompilerABI.cpp]
  ignore line: [Linking CXX executable cmTC_8959e]
  ignore line: [/ccs/home/hm0/anaconda2_ppc/bin/cmake -E cmake_link_script CMakeFiles/cmTC_8959e.dir/link.txt --verbose=1]
  ignore line: [/sw/summitdev/gcc/6.3.1-20170301/bin/g++      -v -rdynamic CMakeFiles/cmTC_8959e.dir/CMakeCXXCompilerABI.cpp.o  -o cmTC_8959e ]
  ignore line: [Using built-in specs.]
  ignore line: [COLLECT_GCC=/sw/summitdev/gcc/6.3.1-20170301/bin/g++]
  ignore line: [COLLECT_LTO_WRAPPER=/autofs/nccs-svm1_sw/summitdev/gcc/6.3.1-20170301/bin/../libexec/gcc/powerpc64le-none-linux-gnu/6.3.1/lto-wrapper]
  ignore line: [OFFLOAD_TARGET_NAMES=nvptx-none]
  ignore line: [Target: powerpc64le-none-linux-gnu]
  ignore line: [Configured with: /sw/summitdev/gcc/6.2.1-20170301/src/gcc/configure --build=powerpc64le-none-linux-gnu --host=powerpc64le-none-linux-gnu --target=powerpc64le-none-linux-gnu --enable-offload-targets=nvptx-none=/install/usr/local/nvptx-none --with-cuda-driver=/sw/summitdev/cuda/8.0.54 --disable-multilib CFLAGS=-m64]
  ignore line: [Thread model: posix]
  ignore line: [gcc version 6.3.1 20170110 (GCC) ]
  ignore line: [COMPILER_PATH=/autofs/nccs-svm1_sw/summitdev/gcc/6.3.1-20170301/bin/../libexec/gcc/powerpc64le-none-linux-gnu/6.3.1/:/autofs/nccs-svm1_sw/summitdev/gcc/6.3.1-20170301/bin/../libexec/gcc/]
  ignore line: [LIBRARY_PATH=/autofs/nccs-svm1_sw/summitdev/gcc/6.3.1-20170301/bin/../lib/gcc/powerpc64le-none-linux-gnu/6.3.1/:/autofs/nccs-svm1_sw/summitdev/gcc/6.3.1-20170301/bin/../lib/gcc/:/autofs/nccs-svm1_sw/summitdev/gcc/6.3.1-20170301/bin/../lib/gcc/powerpc64le-none-linux-gnu/6.3.1/../../../../lib64/:/lib/../lib64/:/usr/lib/../lib64/:/autofs/nccs-svm1_sw/summitdev/.swci/1-compute/opt/spack/20180406/linux-rhel7-ppc64le/gcc-6.3.1/spectrum-mpi-10.2.0.0-20180110-4dopvlpwk4vuwchtvdc4ftutmn76uw6v/lib/:/autofs/nccs-svm1_sw/summitdev/gcc/6.3.1-20170301/bin/../lib/gcc/powerpc64le-none-linux-gnu/6.3.1/../../../:/lib/:/usr/lib/]
  ignore line: [COLLECT_GCC_OPTIONS='-v' '-rdynamic' '-o' 'cmTC_8959e' '-shared-libgcc']
  ignore line: [COLLECT_MKOFFLOAD_OPTIONS=]
  link line: [ /autofs/nccs-svm1_sw/summitdev/gcc/6.3.1-20170301/bin/../libexec/gcc/powerpc64le-none-linux-gnu/6.3.1/collect2 -plugin /autofs/nccs-svm1_sw/summitdev/gcc/6.3.1-20170301/bin/../libexec/gcc/powerpc64le-none-linux-gnu/6.3.1/liblto_plugin.so -plugin-opt=/autofs/nccs-svm1_sw/summitdev/gcc/6.3.1-20170301/bin/../libexec/gcc/powerpc64le-none-linux-gnu/6.3.1/lto-wrapper -plugin-opt=-fresolution=/tmp/ccdHJI7J.res -plugin-opt=-pass-through=-lgcc_s -plugin-opt=-pass-through=-lgcc -plugin-opt=-pass-through=-lc -plugin-opt=-pass-through=-lgcc_s -plugin-opt=-pass-through=-lgcc --eh-frame-hdr -V -m elf64lppc -export-dynamic -dynamic-linker /lib64/ld64.so.2 -o cmTC_8959e /lib/../lib64/crt1.o /lib/../lib64/crti.o /autofs/nccs-svm1_sw/summitdev/gcc/6.3.1-20170301/bin/../lib/gcc/powerpc64le-none-linux-gnu/6.3.1/crtbegin.o -L/autofs/nccs-svm1_sw/summitdev/gcc/6.3.1-20170301/bin/../lib/gcc/powerpc64le-none-linux-gnu/6.3.1 -L/autofs/nccs-svm1_sw/summitdev/gcc/6.3.1-20170301/bin/../lib/gcc -L/autofs/nccs-svm1_sw/summitdev/gcc/6.3.1-20170301/bin/../lib/gcc/powerpc64le-none-linux-gnu/6.3.1/../../../../lib64 -L/lib/../lib64 -L/usr/lib/../lib64 -L/autofs/nccs-svm1_sw/summitdev/.swci/1-compute/opt/spack/20180406/linux-rhel7-ppc64le/gcc-6.3.1/spectrum-mpi-10.2.0.0-20180110-4dopvlpwk4vuwchtvdc4ftutmn76uw6v/lib -L/autofs/nccs-svm1_sw/summitdev/gcc/6.3.1-20170301/bin/../lib/gcc/powerpc64le-none-linux-gnu/6.3.1/../../.. CMakeFiles/cmTC_8959e.dir/CMakeCXXCompilerABI.cpp.o -lstdc++ -lm -lgcc_s -lgcc -lc -lgcc_s -lgcc /autofs/nccs-svm1_sw/summitdev/gcc/6.3.1-20170301/bin/../lib/gcc/powerpc64le-none-linux-gnu/6.3.1/crtend.o /lib/../lib64/crtn.o]
    arg [/autofs/nccs-svm1_sw/summitdev/gcc/6.3.1-20170301/bin/../libexec/gcc/powerpc64le-none-linux-gnu/6.3.1/collect2] ==> ignore
    arg [-plugin] ==> ignore
    arg [/autofs/nccs-svm1_sw/summitdev/gcc/6.3.1-20170301/bin/../libexec/gcc/powerpc64le-none-linux-gnu/6.3.1/liblto_plugin.so] ==> ignore
    arg [-plugin-opt=/autofs/nccs-svm1_sw/summitdev/gcc/6.3.1-20170301/bin/../libexec/gcc/powerpc64le-none-linux-gnu/6.3.1/lto-wrapper] ==> ignore
    arg [-plugin-opt=-fresolution=/tmp/ccdHJI7J.res] ==> ignore
    arg [-plugin-opt=-pass-through=-lgcc_s] ==> ignore
    arg [-plugin-opt=-pass-through=-lgcc] ==> ignore
    arg [-plugin-opt=-pass-through=-lc] ==> ignore
    arg [-plugin-opt=-pass-through=-lgcc_s] ==> ignore
    arg [-plugin-opt=-pass-through=-lgcc] ==> ignore
    arg [--eh-frame-hdr] ==> ignore
    arg [-V] ==> ignore
    arg [-m] ==> ignore
    arg [elf64lppc] ==> ignore
    arg [-export-dynamic] ==> ignore
    arg [-dynamic-linker] ==> ignore
    arg [/lib64/ld64.so.2] ==> ignore
    arg [-o] ==> ignore
    arg [cmTC_8959e] ==> ignore
    arg [/lib/../lib64/crt1.o] ==> ignore
    arg [/lib/../lib64/crti.o] ==> ignore
    arg [/autofs/nccs-svm1_sw/summitdev/gcc/6.3.1-20170301/bin/../lib/gcc/powerpc64le-none-linux-gnu/6.3.1/crtbegin.o] ==> ignore
    arg [-L/autofs/nccs-svm1_sw/summitdev/gcc/6.3.1-20170301/bin/../lib/gcc/powerpc64le-none-linux-gnu/6.3.1] ==> dir [/autofs/nccs-svm1_sw/summitdev/gcc/6.3.1-20170301/bin/../lib/gcc/powerpc64le-none-linux-gnu/6.3.1]
    arg [-L/autofs/nccs-svm1_sw/summitdev/gcc/6.3.1-20170301/bin/../lib/gcc] ==> dir [/autofs/nccs-svm1_sw/summitdev/gcc/6.3.1-20170301/bin/../lib/gcc]
    arg [-L/autofs/nccs-svm1_sw/summitdev/gcc/6.3.1-20170301/bin/../lib/gcc/powerpc64le-none-linux-gnu/6.3.1/../../../../lib64] ==> dir [/autofs/nccs-svm1_sw/summitdev/gcc/6.3.1-20170301/bin/../lib/gcc/powerpc64le-none-linux-gnu/6.3.1/../../../../lib64]
    arg [-L/lib/../lib64] ==> dir [/lib/../lib64]
    arg [-L/usr/lib/../lib64] ==> dir [/usr/lib/../lib64]
    arg [-L/autofs/nccs-svm1_sw/summitdev/.swci/1-compute/opt/spack/20180406/linux-rhel7-ppc64le/gcc-6.3.1/spectrum-mpi-10.2.0.0-20180110-4dopvlpwk4vuwchtvdc4ftutmn76uw6v/lib] ==> dir [/autofs/nccs-svm1_sw/summitdev/.swci/1-compute/opt/spack/20180406/linux-rhel7-ppc64le/gcc-6.3.1/spectrum-mpi-10.2.0.0-20180110-4dopvlpwk4vuwchtvdc4ftutmn76uw6v/lib]
    arg [-L/autofs/nccs-svm1_sw/summitdev/gcc/6.3.1-20170301/bin/../lib/gcc/powerpc64le-none-linux-gnu/6.3.1/../../..] ==> dir [/autofs/nccs-svm1_sw/summitdev/gcc/6.3.1-20170301/bin/../lib/gcc/powerpc64le-none-linux-gnu/6.3.1/../../..]
    arg [CMakeFiles/cmTC_8959e.dir/CMakeCXXCompilerABI.cpp.o] ==> ignore
    arg [-lstdc++] ==> lib [stdc++]
    arg [-lm] ==> lib [m]
    arg [-lgcc_s] ==> lib [gcc_s]
    arg [-lgcc] ==> lib [gcc]
    arg [-lc] ==> lib [c]
    arg [-lgcc_s] ==> lib [gcc_s]
    arg [-lgcc] ==> lib [gcc]
    arg [/autofs/nccs-svm1_sw/summitdev/gcc/6.3.1-20170301/bin/../lib/gcc/powerpc64le-none-linux-gnu/6.3.1/crtend.o] ==> ignore
    arg [/lib/../lib64/crtn.o] ==> ignore
  collapse library dir [/autofs/nccs-svm1_sw/summitdev/gcc/6.3.1-20170301/bin/../lib/gcc/powerpc64le-none-linux-gnu/6.3.1] ==> [/autofs/nccs-svm1_sw/summitdev/gcc/6.3.1-20170301/lib/gcc/powerpc64le-none-linux-gnu/6.3.1]
  collapse library dir [/autofs/nccs-svm1_sw/summitdev/gcc/6.3.1-20170301/bin/../lib/gcc] ==> [/autofs/nccs-svm1_sw/summitdev/gcc/6.3.1-20170301/lib/gcc]
  collapse library dir [/autofs/nccs-svm1_sw/summitdev/gcc/6.3.1-20170301/bin/../lib/gcc/powerpc64le-none-linux-gnu/6.3.1/../../../../lib64] ==> [/autofs/nccs-svm1_sw/summitdev/gcc/6.3.1-20170301/lib64]
  collapse library dir [/lib/../lib64] ==> [/lib64]
  collapse library dir [/usr/lib/../lib64] ==> [/usr/lib64]
  collapse library dir [/autofs/nccs-svm1_sw/summitdev/.swci/1-compute/opt/spack/20180406/linux-rhel7-ppc64le/gcc-6.3.1/spectrum-mpi-10.2.0.0-20180110-4dopvlpwk4vuwchtvdc4ftutmn76uw6v/lib] ==> [/autofs/nccs-svm1_sw/summitdev/.swci/1-compute/opt/spack/20180406/linux-rhel7-ppc64le/gcc-6.3.1/spectrum-mpi-10.2.0.0-20180110-4dopvlpwk4vuwchtvdc4ftutmn76uw6v/lib]
  collapse library dir [/autofs/nccs-svm1_sw/summitdev/gcc/6.3.1-20170301/bin/../lib/gcc/powerpc64le-none-linux-gnu/6.3.1/../../..] ==> [/autofs/nccs-svm1_sw/summitdev/gcc/6.3.1-20170301/lib]
  implicit libs: [stdc++;m;gcc_s;gcc;c;gcc_s;gcc]
  implicit dirs: [/autofs/nccs-svm1_sw/summitdev/gcc/6.3.1-20170301/lib/gcc/powerpc64le-none-linux-gnu/6.3.1;/autofs/nccs-svm1_sw/summitdev/gcc/6.3.1-20170301/lib/gcc;/autofs/nccs-svm1_sw/summitdev/gcc/6.3.1-20170301/lib64;/lib64;/usr/lib64;/autofs/nccs-svm1_sw/summitdev/.swci/1-compute/opt/spack/20180406/linux-rhel7-ppc64le/gcc-6.3.1/spectrum-mpi-10.2.0.0-20180110-4dopvlpwk4vuwchtvdc4ftutmn76uw6v/lib;/autofs/nccs-svm1_sw/summitdev/gcc/6.3.1-20170301/lib]
  implicit fwks: []




Detecting CXX [-std=c++1z] compiler features compiled with the following output:
Change Dir: /ccs/home/hm0/Pkgs/openmm/build_openmm/CMakeFiles/CMakeTmp

Run Build Command:"/usr/bin/gmake" "cmTC_7e6c4/fast"
/usr/bin/gmake -f CMakeFiles/cmTC_7e6c4.dir/build.make CMakeFiles/cmTC_7e6c4.dir/build
gmake[1]: Entering directory `/autofs/nccs-svm1_home1/hm0/Pkgs/openmm/build_openmm/CMakeFiles/CMakeTmp'
Building CXX object CMakeFiles/cmTC_7e6c4.dir/feature_tests.cxx.o
/sw/summitdev/gcc/6.3.1-20170301/bin/g++    -std=c++1z -o CMakeFiles/cmTC_7e6c4.dir/feature_tests.cxx.o -c /ccs/home/hm0/Pkgs/openmm/build_openmm/CMakeFiles/feature_tests.cxx
Linking CXX executable cmTC_7e6c4
/ccs/home/hm0/anaconda2_ppc/bin/cmake -E cmake_link_script CMakeFiles/cmTC_7e6c4.dir/link.txt --verbose=1
/sw/summitdev/gcc/6.3.1-20170301/bin/g++       -rdynamic CMakeFiles/cmTC_7e6c4.dir/feature_tests.cxx.o  -o cmTC_7e6c4 
gmake[1]: Leaving directory `/autofs/nccs-svm1_home1/hm0/Pkgs/openmm/build_openmm/CMakeFiles/CMakeTmp'


    Feature record: CXX_FEATURE:1cxx_aggregate_default_initializers
    Feature record: CXX_FEATURE:1cxx_alias_templates
    Feature record: CXX_FEATURE:1cxx_alignas
    Feature record: CXX_FEATURE:1cxx_alignof
    Feature record: CXX_FEATURE:1cxx_attributes
    Feature record: CXX_FEATURE:1cxx_attribute_deprecated
    Feature record: CXX_FEATURE:1cxx_auto_type
    Feature record: CXX_FEATURE:1cxx_binary_literals
    Feature record: CXX_FEATURE:1cxx_constexpr
    Feature record: CXX_FEATURE:1cxx_contextual_conversions
    Feature record: CXX_FEATURE:1cxx_decltype
    Feature record: CXX_FEATURE:1cxx_decltype_auto
    Feature record: CXX_FEATURE:1cxx_decltype_incomplete_return_types
    Feature record: CXX_FEATURE:1cxx_default_function_template_args
    Feature record: CXX_FEATURE:1cxx_defaulted_functions
    Feature record: CXX_FEATURE:1cxx_defaulted_move_initializers
    Feature record: CXX_FEATURE:1cxx_delegating_constructors
    Feature record: CXX_FEATURE:1cxx_deleted_functions
    Feature record: CXX_FEATURE:1cxx_digit_separators
    Feature record: CXX_FEATURE:1cxx_enum_forward_declarations
    Feature record: CXX_FEATURE:1cxx_explicit_conversions
    Feature record: CXX_FEATURE:1cxx_extended_friend_declarations
    Feature record: CXX_FEATURE:1cxx_extern_templates
    Feature record: CXX_FEATURE:1cxx_final
    Feature record: CXX_FEATURE:1cxx_func_identifier
    Feature record: CXX_FEATURE:1cxx_generalized_initializers
    Feature record: CXX_FEATURE:1cxx_generic_lambdas
    Feature record: CXX_FEATURE:1cxx_inheriting_constructors
    Feature record: CXX_FEATURE:1cxx_inline_namespaces
    Feature record: CXX_FEATURE:1cxx_lambdas
    Feature record: CXX_FEATURE:1cxx_lambda_init_captures
    Feature record: CXX_FEATURE:1cxx_local_type_template_args
    Feature record: CXX_FEATURE:1cxx_long_long_type
    Feature record: CXX_FEATURE:1cxx_noexcept
    Feature record: CXX_FEATURE:1cxx_nonstatic_member_init
    Feature record: CXX_FEATURE:1cxx_nullptr
    Feature record: CXX_FEATURE:1cxx_override
    Feature record: CXX_FEATURE:1cxx_range_for
    Feature record: CXX_FEATURE:1cxx_raw_string_literals
    Feature record: CXX_FEATURE:1cxx_reference_qualified_functions
    Feature record: CXX_FEATURE:1cxx_relaxed_constexpr
    Feature record: CXX_FEATURE:1cxx_return_type_deduction
    Feature record: CXX_FEATURE:1cxx_right_angle_brackets
    Feature record: CXX_FEATURE:1cxx_rvalue_references
    Feature record: CXX_FEATURE:1cxx_sizeof_member
    Feature record: CXX_FEATURE:1cxx_static_assert
    Feature record: CXX_FEATURE:1cxx_strong_enums
    Feature record: CXX_FEATURE:1cxx_template_template_parameters
    Feature record: CXX_FEATURE:1cxx_thread_local
    Feature record: CXX_FEATURE:1cxx_trailing_return_types
    Feature record: CXX_FEATURE:1cxx_unicode_literals
    Feature record: CXX_FEATURE:1cxx_uniform_initialization
    Feature record: CXX_FEATURE:1cxx_unrestricted_unions
    Feature record: CXX_FEATURE:1cxx_user_literals
    Feature record: CXX_FEATURE:1cxx_variable_templates
    Feature record: CXX_FEATURE:1cxx_variadic_macros
    Feature record: CXX_FEATURE:1cxx_variadic_templates


Detecting CXX [-std=c++14] compiler features compiled with the following output:
Change Dir: /ccs/home/hm0/Pkgs/openmm/build_openmm/CMakeFiles/CMakeTmp

Run Build Command:"/usr/bin/gmake" "cmTC_538bf/fast"
/usr/bin/gmake -f CMakeFiles/cmTC_538bf.dir/build.make CMakeFiles/cmTC_538bf.dir/build
gmake[1]: Entering directory `/autofs/nccs-svm1_home1/hm0/Pkgs/openmm/build_openmm/CMakeFiles/CMakeTmp'
Building CXX object CMakeFiles/cmTC_538bf.dir/feature_tests.cxx.o
/sw/summitdev/gcc/6.3.1-20170301/bin/g++    -std=c++14 -o CMakeFiles/cmTC_538bf.dir/feature_tests.cxx.o -c /ccs/home/hm0/Pkgs/openmm/build_openmm/CMakeFiles/feature_tests.cxx
Linking CXX executable cmTC_538bf
/ccs/home/hm0/anaconda2_ppc/bin/cmake -E cmake_link_script CMakeFiles/cmTC_538bf.dir/link.txt --verbose=1
/sw/summitdev/gcc/6.3.1-20170301/bin/g++       -rdynamic CMakeFiles/cmTC_538bf.dir/feature_tests.cxx.o  -o cmTC_538bf 
gmake[1]: Leaving directory `/autofs/nccs-svm1_home1/hm0/Pkgs/openmm/build_openmm/CMakeFiles/CMakeTmp'


    Feature record: CXX_FEATURE:1cxx_aggregate_default_initializers
    Feature record: CXX_FEATURE:1cxx_alias_templates
    Feature record: CXX_FEATURE:1cxx_alignas
    Feature record: CXX_FEATURE:1cxx_alignof
    Feature record: CXX_FEATURE:1cxx_attributes
    Feature record: CXX_FEATURE:1cxx_attribute_deprecated
    Feature record: CXX_FEATURE:1cxx_auto_type
    Feature record: CXX_FEATURE:1cxx_binary_literals
    Feature record: CXX_FEATURE:1cxx_constexpr
    Feature record: CXX_FEATURE:1cxx_contextual_conversions
    Feature record: CXX_FEATURE:1cxx_decltype
    Feature record: CXX_FEATURE:1cxx_decltype_auto
    Feature record: CXX_FEATURE:1cxx_decltype_incomplete_return_types
    Feature record: CXX_FEATURE:1cxx_default_function_template_args
    Feature record: CXX_FEATURE:1cxx_defaulted_functions
    Feature record: CXX_FEATURE:1cxx_defaulted_move_initializers
    Feature record: CXX_FEATURE:1cxx_delegating_constructors
    Feature record: CXX_FEATURE:1cxx_deleted_functions
    Feature record: CXX_FEATURE:1cxx_digit_separators
    Feature record: CXX_FEATURE:1cxx_enum_forward_declarations
    Feature record: CXX_FEATURE:1cxx_explicit_conversions
    Feature record: CXX_FEATURE:1cxx_extended_friend_declarations
    Feature record: CXX_FEATURE:1cxx_extern_templates
    Feature record: CXX_FEATURE:1cxx_final
    Feature record: CXX_FEATURE:1cxx_func_identifier
    Feature record: CXX_FEATURE:1cxx_generalized_initializers
    Feature record: CXX_FEATURE:1cxx_generic_lambdas
    Feature record: CXX_FEATURE:1cxx_inheriting_constructors
    Feature record: CXX_FEATURE:1cxx_inline_namespaces
    Feature record: CXX_FEATURE:1cxx_lambdas
    Feature record: CXX_FEATURE:1cxx_lambda_init_captures
    Feature record: CXX_FEATURE:1cxx_local_type_template_args
    Feature record: CXX_FEATURE:1cxx_long_long_type
    Feature record: CXX_FEATURE:1cxx_noexcept
    Feature record: CXX_FEATURE:1cxx_nonstatic_member_init
    Feature record: CXX_FEATURE:1cxx_nullptr
    Feature record: CXX_FEATURE:1cxx_override
    Feature record: CXX_FEATURE:1cxx_range_for
    Feature record: CXX_FEATURE:1cxx_raw_string_literals
    Feature record: CXX_FEATURE:1cxx_reference_qualified_functions
    Feature record: CXX_FEATURE:1cxx_relaxed_constexpr
    Feature record: CXX_FEATURE:1cxx_return_type_deduction
    Feature record: CXX_FEATURE:1cxx_right_angle_brackets
    Feature record: CXX_FEATURE:1cxx_rvalue_references
    Feature record: CXX_FEATURE:1cxx_sizeof_member
    Feature record: CXX_FEATURE:1cxx_static_assert
    Feature record: CXX_FEATURE:1cxx_strong_enums
    Feature record: CXX_FEATURE:1cxx_template_template_parameters
    Feature record: CXX_FEATURE:1cxx_thread_local
    Feature record: CXX_FEATURE:1cxx_trailing_return_types
    Feature record: CXX_FEATURE:1cxx_unicode_literals
    Feature record: CXX_FEATURE:1cxx_uniform_initialization
    Feature record: CXX_FEATURE:1cxx_unrestricted_unions
    Feature record: CXX_FEATURE:1cxx_user_literals
    Feature record: CXX_FEATURE:1cxx_variable_templates
    Feature record: CXX_FEATURE:1cxx_variadic_macros
    Feature record: CXX_FEATURE:1cxx_variadic_templates


Detecting CXX [-std=c++11] compiler features compiled with the following output:
Change Dir: /ccs/home/hm0/Pkgs/openmm/build_openmm/CMakeFiles/CMakeTmp

Run Build Command:"/usr/bin/gmake" "cmTC_b5a04/fast"
/usr/bin/gmake -f CMakeFiles/cmTC_b5a04.dir/build.make CMakeFiles/cmTC_b5a04.dir/build
gmake[1]: Entering directory `/autofs/nccs-svm1_home1/hm0/Pkgs/openmm/build_openmm/CMakeFiles/CMakeTmp'
Building CXX object CMakeFiles/cmTC_b5a04.dir/feature_tests.cxx.o
/sw/summitdev/gcc/6.3.1-20170301/bin/g++    -std=c++11 -o CMakeFiles/cmTC_b5a04.dir/feature_tests.cxx.o -c /ccs/home/hm0/Pkgs/openmm/build_openmm/CMakeFiles/feature_tests.cxx
Linking CXX executable cmTC_b5a04
/ccs/home/hm0/anaconda2_ppc/bin/cmake -E cmake_link_script CMakeFiles/cmTC_b5a04.dir/link.txt --verbose=1
/sw/summitdev/gcc/6.3.1-20170301/bin/g++       -rdynamic CMakeFiles/cmTC_b5a04.dir/feature_tests.cxx.o  -o cmTC_b5a04 
gmake[1]: Leaving directory `/autofs/nccs-svm1_home1/hm0/Pkgs/openmm/build_openmm/CMakeFiles/CMakeTmp'


    Feature record: CXX_FEATURE:0cxx_aggregate_default_initializers
    Feature record: CXX_FEATURE:1cxx_alias_templates
    Feature record: CXX_FEATURE:1cxx_alignas
    Feature record: CXX_FEATURE:1cxx_alignof
    Feature record: CXX_FEATURE:1cxx_attributes
    Feature record: CXX_FEATURE:0cxx_attribute_deprecated
    Feature record: CXX_FEATURE:1cxx_auto_type
    Feature record: CXX_FEATURE:0cxx_binary_literals
    Feature record: CXX_FEATURE:1cxx_constexpr
    Feature record: CXX_FEATURE:0cxx_contextual_conversions
    Feature record: CXX_FEATURE:1cxx_decltype
    Feature record: CXX_FEATURE:0cxx_decltype_auto
    Feature record: CXX_FEATURE:1cxx_decltype_incomplete_return_types
    Feature record: CXX_FEATURE:1cxx_default_function_template_args
    Feature record: CXX_FEATURE:1cxx_defaulted_functions
    Feature record: CXX_FEATURE:1cxx_defaulted_move_initializers
    Feature record: CXX_FEATURE:1cxx_delegating_constructors
    Feature record: CXX_FEATURE:1cxx_deleted_functions
    Feature record: CXX_FEATURE:0cxx_digit_separators
    Feature record: CXX_FEATURE:1cxx_enum_forward_declarations
    Feature record: CXX_FEATURE:1cxx_explicit_conversions
    Feature record: CXX_FEATURE:1cxx_extended_friend_declarations
    Feature record: CXX_FEATURE:1cxx_extern_templates
    Feature record: CXX_FEATURE:1cxx_final
    Feature record: CXX_FEATURE:1cxx_func_identifier
    Feature record: CXX_FEATURE:1cxx_generalized_initializers
    Feature record: CXX_FEATURE:0cxx_generic_lambdas
    Feature record: CXX_FEATURE:1cxx_inheriting_constructors
    Feature record: CXX_FEATURE:1cxx_inline_namespaces
    Feature record: CXX_FEATURE:1cxx_lambdas
    Feature record: CXX_FEATURE:0cxx_lambda_init_captures
    Feature record: CXX_FEATURE:1cxx_local_type_template_args
    Feature record: CXX_FEATURE:1cxx_long_long_type
    Feature record: CXX_FEATURE:1cxx_noexcept
    Feature record: CXX_FEATURE:1cxx_nonstatic_member_init
    Feature record: CXX_FEATURE:1cxx_nullptr
    Feature record: CXX_FEATURE:1cxx_override
    Feature record: CXX_FEATURE:1cxx_range_for
    Feature record: CXX_FEATURE:1cxx_raw_string_literals
    Feature record: CXX_FEATURE:1cxx_reference_qualified_functions
    Feature record: CXX_FEATURE:0cxx_relaxed_constexpr
    Feature record: CXX_FEATURE:0cxx_return_type_deduction
    Feature record: CXX_FEATURE:1cxx_right_angle_brackets
    Feature record: CXX_FEATURE:1cxx_rvalue_references
    Feature record: CXX_FEATURE:1cxx_sizeof_member
    Feature record: CXX_FEATURE:1cxx_static_assert
    Feature record: CXX_FEATURE:1cxx_strong_enums
    Feature record: CXX_FEATURE:1cxx_template_template_parameters
    Feature record: CXX_FEATURE:1cxx_thread_local
    Feature record: CXX_FEATURE:1cxx_trailing_return_types
    Feature record: CXX_FEATURE:1cxx_unicode_literals
    Feature record: CXX_FEATURE:1cxx_uniform_initialization
    Feature record: CXX_FEATURE:1cxx_unrestricted_unions
    Feature record: CXX_FEATURE:1cxx_user_literals
    Feature record: CXX_FEATURE:0cxx_variable_templates
    Feature record: CXX_FEATURE:1cxx_variadic_macros
    Feature record: CXX_FEATURE:1cxx_variadic_templates


Detecting CXX [-std=c++98] compiler features compiled with the following output:
Change Dir: /ccs/home/hm0/Pkgs/openmm/build_openmm/CMakeFiles/CMakeTmp

Run Build Command:"/usr/bin/gmake" "cmTC_fe8ac/fast"
/usr/bin/gmake -f CMakeFiles/cmTC_fe8ac.dir/build.make CMakeFiles/cmTC_fe8ac.dir/build
gmake[1]: Entering directory `/autofs/nccs-svm1_home1/hm0/Pkgs/openmm/build_openmm/CMakeFiles/CMakeTmp'
Building CXX object CMakeFiles/cmTC_fe8ac.dir/feature_tests.cxx.o
/sw/summitdev/gcc/6.3.1-20170301/bin/g++    -std=c++98 -o CMakeFiles/cmTC_fe8ac.dir/feature_tests.cxx.o -c /ccs/home/hm0/Pkgs/openmm/build_openmm/CMakeFiles/feature_tests.cxx
Linking CXX executable cmTC_fe8ac
/ccs/home/hm0/anaconda2_ppc/bin/cmake -E cmake_link_script CMakeFiles/cmTC_fe8ac.dir/link.txt --verbose=1
/sw/summitdev/gcc/6.3.1-20170301/bin/g++       -rdynamic CMakeFiles/cmTC_fe8ac.dir/feature_tests.cxx.o  -o cmTC_fe8ac 
gmake[1]: Leaving directory `/autofs/nccs-svm1_home1/hm0/Pkgs/openmm/build_openmm/CMakeFiles/CMakeTmp'


    Feature record: CXX_FEATURE:0cxx_aggregate_default_initializers
    Feature record: CXX_FEATURE:0cxx_alias_templates
    Feature record: CXX_FEATURE:0cxx_alignas
    Feature record: CXX_FEATURE:0cxx_alignof
    Feature record: CXX_FEATURE:0cxx_attributes
    Feature record: CXX_FEATURE:0cxx_attribute_deprecated
    Feature record: CXX_FEATURE:0cxx_auto_type
    Feature record: CXX_FEATURE:0cxx_binary_literals
    Feature record: CXX_FEATURE:0cxx_constexpr
    Feature record: CXX_FEATURE:0cxx_contextual_conversions
    Feature record: CXX_FEATURE:0cxx_decltype
    Feature record: CXX_FEATURE:0cxx_decltype_auto
    Feature record: CXX_FEATURE:0cxx_decltype_incomplete_return_types
    Feature record: CXX_FEATURE:0cxx_default_function_template_args
    Feature record: CXX_FEATURE:0cxx_defaulted_functions
    Feature record: CXX_FEATURE:0cxx_defaulted_move_initializers
    Feature record: CXX_FEATURE:0cxx_delegating_constructors
    Feature record: CXX_FEATURE:0cxx_deleted_functions
    Feature record: CXX_FEATURE:0cxx_digit_separators
    Feature record: CXX_FEATURE:0cxx_enum_forward_declarations
    Feature record: CXX_FEATURE:0cxx_explicit_conversions
    Feature record: CXX_FEATURE:0cxx_extended_friend_declarations
    Feature record: CXX_FEATURE:0cxx_extern_templates
    Feature record: CXX_FEATURE:0cxx_final
    Feature record: CXX_FEATURE:0cxx_func_identifier
    Feature record: CXX_FEATURE:0cxx_generalized_initializers
    Feature record: CXX_FEATURE:0cxx_generic_lambdas
    Feature record: CXX_FEATURE:0cxx_inheriting_constructors
    Feature record: CXX_FEATURE:0cxx_inline_namespaces
    Feature record: CXX_FEATURE:0cxx_lambdas
    Feature record: CXX_FEATURE:0cxx_lambda_init_captures
    Feature record: CXX_FEATURE:0cxx_local_type_template_args
    Feature record: CXX_FEATURE:0cxx_long_long_type
    Feature record: CXX_FEATURE:0cxx_noexcept
    Feature record: CXX_FEATURE:0cxx_nonstatic_member_init
    Feature record: CXX_FEATURE:0cxx_nullptr
    Feature record: CXX_FEATURE:0cxx_override
    Feature record: CXX_FEATURE:0cxx_range_for
    Feature record: CXX_FEATURE:0cxx_raw_string_literals
    Feature record: CXX_FEATURE:0cxx_reference_qualified_functions
    Feature record: CXX_FEATURE:0cxx_relaxed_constexpr
    Feature record: CXX_FEATURE:0cxx_return_type_deduction
    Feature record: CXX_FEATURE:0cxx_right_angle_brackets
    Feature record: CXX_FEATURE:0cxx_rvalue_references
    Feature record: CXX_FEATURE:0cxx_sizeof_member
    Feature record: CXX_FEATURE:0cxx_static_assert
    Feature record: CXX_FEATURE:0cxx_strong_enums
    Feature record: CXX_FEATURE:1cxx_template_template_parameters
    Feature record: CXX_FEATURE:0cxx_thread_local
    Feature record: CXX_FEATURE:0cxx_trailing_return_types
    Feature record: CXX_FEATURE:0cxx_unicode_literals
    Feature record: CXX_FEATURE:0cxx_uniform_initialization
    Feature record: CXX_FEATURE:0cxx_unrestricted_unions
    Feature record: CXX_FEATURE:0cxx_user_literals
    Feature record: CXX_FEATURE:0cxx_variable_templates
    Feature record: CXX_FEATURE:0cxx_variadic_macros
    Feature record: CXX_FEATURE:0cxx_variadic_templates
